  [1m[35m (0.1ms)[0m  [1m[34mSELECT sqlite_version(*)[0m
  ↳ bin/rails:4
  [1m[35m (120.9ms)[0m  [1m[35mCREATE TABLE "schema_migrations" ("version" varchar NOT NULL PRIMARY KEY)[0m
  ↳ bin/rails:4
  [1m[35m (107.6ms)[0m  [1m[35mCREATE TABLE "ar_internal_metadata" ("key" varchar NOT NULL PRIMARY KEY, "value" varchar, "created_at" datetime NOT NULL, "updated_at" datetime NOT NULL)[0m
  ↳ bin/rails:4
  [1m[35m (0.2ms)[0m  [1m[34mSELECT "schema_migrations"."version" FROM "schema_migrations" ORDER BY "schema_migrations"."version" ASC[0m
  ↳ bin/rails:4
Migrating to CreateUsers (20190213210720)
  [1m[35m (0.1ms)[0m  [1m[36mbegin transaction[0m
  ↳ bin/rails:4
  [1m[35m (0.5ms)[0m  [1m[35mCREATE TABLE "users" ("id" integer PRIMARY KEY AUTOINCREMENT NOT NULL, "name" varchar, "email" varchar, "created_at" datetime NOT NULL, "updated_at" datetime NOT NULL)[0m
  ↳ db/migrate/20190213210720_create_users.rb:3
  [1m[36mActiveRecord::SchemaMigration Create (0.2ms)[0m  [1m[32mINSERT INTO "schema_migrations" ("version") VALUES (?)[0m  [["version", "20190213210720"]]
  ↳ bin/rails:4
  [1m[35m (124.7ms)[0m  [1m[36mcommit transaction[0m
  ↳ bin/rails:4
  [1m[36mActiveRecord::InternalMetadata Load (0.2ms)[0m  [1m[34mSELECT  "ar_internal_metadata".* FROM "ar_internal_metadata" WHERE "ar_internal_metadata"."key" = ? LIMIT ?[0m  [["key", "environment"], ["LIMIT", 1]]
  ↳ bin/rails:4
  [1m[35m (0.1ms)[0m  [1m[36mbegin transaction[0m
  ↳ bin/rails:4
  [1m[36mActiveRecord::InternalMetadata Create (0.5ms)[0m  [1m[32mINSERT INTO "ar_internal_metadata" ("key", "value", "created_at", "updated_at") VALUES (?, ?, ?, ?)[0m  [["key", "environment"], ["value", "development"], ["created_at", "2019-02-13 21:09:32.835298"], ["updated_at", "2019-02-13 21:09:32.835298"]]
  ↳ bin/rails:4
  [1m[35m (96.5ms)[0m  [1m[36mcommit transaction[0m
  ↳ bin/rails:4
  [1m[35m (0.2ms)[0m  [1m[34mSELECT "schema_migrations"."version" FROM "schema_migrations" ORDER BY "schema_migrations"."version" ASC[0m
  ↳ bin/rails:4
  [1m[35m (0.1ms)[0m  [1m[36mbegin transaction[0m
  [1m[36mUser Create (19.7ms)[0m  [1m[32mINSERT INTO "users" ("name", "email", "created_at", "updated_at") VALUES (?, ?, ?, ?)[0m  [["name", "Féfé"], ["email", "féfé@yopmail.com"], ["created_at", "2019-02-13 08:33:01.712998"], ["updated_at", "2019-02-13 08:33:01.712998"]]
  Rendering user_mailer/welcome_email.html.erb within layouts/mailer
  Rendered user_mailer/welcome_email.html.erb within layouts/mailer (6.8ms)
  Rendering user_mailer/welcome_email.text.erb within layouts/mailer
  Rendered user_mailer/welcome_email.text.erb within layouts/mailer (0.5ms)
UserMailer#welcome_email: processed outbound mail in 975.1ms
Sent mail to féfé@yopmail.com (275.6ms)
Date: Wed, 13 Feb 2019 11:33:03 +0300
From: no-reply@monsite.fr
To: =?UTF-8?B?ZsOpZsOp?=@yopmail.com
Message-ID: <5c63d63f2cd75_158c2afefc1245b466998@toshiba-satellite-c660.mail>
Subject: Bienvenue chez nous !
Mime-Version: 1.0
Content-Type: multipart/alternative;
 boundary="--==_mimepart_5c63d63f1e38c_158c2afefc1245b46688";
 charset=UTF-8
Content-Transfer-Encoding: 7bit


----==_mimepart_5c63d63f1e38c_158c2afefc1245b46688
Content-Type: text/plain;
 charset=UTF-8
Content-Transfer-Encoding: base64

U2FsdXQgRsOpZsOpIGV0IGJpZW52ZW51ZSBjaGV6IG5vdXMgIQ0KPT09PT09
PT09PT09PT09PT09PT09PT09PT09PT09PT09PT09PT09PT09PT09PT09PT09
PT09PT09PQ0KDQpUdSB0J2VzIGluc2NyaXQgc3VyIG1vbnNpdGUuZnIgZW4g
dXRpbGlzYW50IGwnZS1tYWlsIHN1aXZhbnQgOiBmw6lmw6lAeW9wbWFpbC5j
b20uDQoNClBvdXIgYWNjw6lkZXIgw6AgdG9uIGVzcGFjZSBjbGllbnQsIGNv
bm5lY3RlLXRvaSB2aWEgOiBodHRwOi8vbW9uc2l0ZS5mci9sb2dpbi4NCg0K
w4AgdHLDqHMgdml0ZSBzdXIgbW9uc2l0ZS5mciAhDQoNCg==

----==_mimepart_5c63d63f1e38c_158c2afefc1245b46688
Content-Type: text/html;
 charset=UTF-8
Content-Transfer-Encoding: quoted-printable

<!DOCTYPE html>=0D
<html>=0D
  <head>=0D
    <meta http-equiv=3D"Content-Type" content=3D"text/html; charset=3Dutf=
-8" />=0D
    <style>=0D
      /* Email styles need to be inline */=0D
    </style>=0D
  </head>=0D
=0D
  <body>=0D
    <!DOCTYPE html>=0D
<html>=0D
  <head>=0D
    <meta content=3D'text/html; charset=3DUTF-8' http-equiv=3D'Content-Ty=
pe' />=0D
  </head>=0D
  <body>=0D
    <h1>Salut F=C3=A9f=C3=A9 et bienvenue chez nous !</h1>=0D
    <p>=0D
      Tu t'es inscrit sur monsite.fr en utilisant l'e-mail suivant : f=C3=
=A9f=C3=A9@yopmail.com.=0D
    </p>=0D
    <p>=0D
      Pour acc=C3=A9der =C3=A0 ton espace client, connecte-toi via : http=
://monsite.fr/login.=0D
    </p>=0D
    <p> =C3=80 tr=C3=A8s vite sur monsite.fr !=0D
  </body>=0D
</html>=0D
=0D
  </body>=0D
</html>=0D

----==_mimepart_5c63d63f1e38c_158c2afefc1245b46688--

  [1m[35m (295.0ms)[0m  [1m[36mcommit transaction[0m
  [1m[35m (0.0ms)[0m  [1m[36mbegin transaction[0m
  [1m[36mUser Create (13.3ms)[0m  [1m[32mINSERT INTO "users" ("name", "email", "created_at", "updated_at") VALUES (?, ?, ?, ?)[0m  [["name", "Fé"], ["email", "fé@yopmail.com"], ["created_at", "2019-02-13 10:38:28.622312"], ["updated_at", "2019-02-13 10:38:28.622312"]]
  Rendering user_mailer/welcome_email.html.erb within layouts/mailer
  Rendered user_mailer/welcome_email.html.erb within layouts/mailer (1.8ms)
  Rendering user_mailer/welcome_email.text.erb within layouts/mailer
  Rendered user_mailer/welcome_email.text.erb within layouts/mailer (0.7ms)
UserMailer#welcome_email: processed outbound mail in 89.7ms
Sent mail to fé@yopmail.com (70.6ms)
Date: Wed, 13 Feb 2019 13:38:29 +0300
From: no-reply@monsite.fr
To: =?UTF-8?B?ZsOp?=@yopmail.com
Message-ID: <5c63f3a52f56b_1c6e2ab9eeb045b46286d@toshiba-satellite-c660.mail>
Subject: Bienvenue chez nous !
Mime-Version: 1.0
Content-Type: multipart/alternative;
 boundary="--==_mimepart_5c63f3a5285b2_1c6e2ab9eeb045b4627f4";
 charset=UTF-8
Content-Transfer-Encoding: 7bit


----==_mimepart_5c63f3a5285b2_1c6e2ab9eeb045b4627f4
Content-Type: text/plain;
 charset=UTF-8
Content-Transfer-Encoding: base64

U2FsdXQgRsOpIGV0IGJpZW52ZW51ZSBjaGV6IG5vdXMgIQ0KPT09PT09PT09
PT09PT09PT09PT09PT09PT09PT09PT09PT09PT09PT09PT09PT09PT09PT09
PT09PQ0KDQpUdSB0J2VzIGluc2NyaXQgc3VyIG1vbnNpdGUuZnIgZW4gdXRp
bGlzYW50IGwnZS1tYWlsIHN1aXZhbnQgOiBmw6lAeW9wbWFpbC5jb20uDQoN
ClBvdXIgYWNjw6lkZXIgw6AgdG9uIGVzcGFjZSBjbGllbnQsIGNvbm5lY3Rl
LXRvaSB2aWEgOiBodHRwOi8vbW9uc2l0ZS5mci9sb2dpbi4NCg0Kw4AgdHLD
qHMgdml0ZSBzdXIgbW9uc2l0ZS5mciAhDQoNCg==

----==_mimepart_5c63f3a5285b2_1c6e2ab9eeb045b4627f4
Content-Type: text/html;
 charset=UTF-8
Content-Transfer-Encoding: quoted-printable

<!DOCTYPE html>=0D
<html>=0D
  <head>=0D
    <meta http-equiv=3D"Content-Type" content=3D"text/html; charset=3Dutf=
-8" />=0D
    <style>=0D
      /* Email styles need to be inline */=0D
    </style>=0D
  </head>=0D
=0D
  <body>=0D
    <!DOCTYPE html>=0D
<html>=0D
  <head>=0D
    <meta content=3D'text/html; charset=3DUTF-8' http-equiv=3D'Content-Ty=
pe' />=0D
  </head>=0D
  <body>=0D
    <h1>Salut F=C3=A9 et bienvenue chez nous !</h1>=0D
    <p>=0D
      Tu t'es inscrit sur monsite.fr en utilisant l'e-mail suivant : f=C3=
=A9@yopmail.com.=0D
    </p>=0D
    <p>=0D
      Pour acc=C3=A9der =C3=A0 ton espace client, connecte-toi via : http=
://monsite.fr/login.=0D
    </p>=0D
    <p> =C3=80 tr=C3=A8s vite sur monsite.fr !=0D
  </body>=0D
</html>=0D
=0D
  </body>=0D
</html>=0D

----==_mimepart_5c63f3a5285b2_1c6e2ab9eeb045b4627f4--

  [1m[35m (82.9ms)[0m  [1m[36mcommit transaction[0m
  [1m[36mUser Load (0.2ms)[0m  [1m[34mSELECT  "users".* FROM "users" WHERE "users"."id" = ? LIMIT ?[0m  [["id", 2], ["LIMIT", 1]]
  [1m[36mUser Destroy (108.8ms)[0m  [1m[31mDELETE FROM "users" WHERE "users"."id" = ?[0m  [["id", 2]]
  [1m[35m (0.2ms)[0m  [1m[36mbegin transaction[0m
  [1m[36mUser Create (0.3ms)[0m  [1m[32mINSERT INTO "users" ("name", "email", "created_at", "updated_at") VALUES (?, ?, ?, ?)[0m  [["name", "Rasit"], ["email", "rasit@yopmail.com"], ["created_at", "2019-02-13 10:42:44.869672"], ["updated_at", "2019-02-13 10:42:44.869672"]]
  Rendering user_mailer/welcome_email.html.erb within layouts/mailer
  Rendered user_mailer/welcome_email.html.erb within layouts/mailer (0.1ms)
  Rendering user_mailer/welcome_email.text.erb within layouts/mailer
  Rendered user_mailer/welcome_email.text.erb within layouts/mailer (0.1ms)
UserMailer#welcome_email: processed outbound mail in 12.7ms
Sent mail to rasit@yopmail.com (5.9ms)
Date: Wed, 13 Feb 2019 13:42:44 +0300
From: no-reply@monsite.fr
To: rasit@yopmail.com
Message-ID: <5c63f4a4d89bc_1c6e2ab9eeb045b4630e4@toshiba-satellite-c660.mail>
Subject: Bienvenue chez nous !
Mime-Version: 1.0
Content-Type: multipart/alternative;
 boundary="--==_mimepart_5c63f4a4d7695_1c6e2ab9eeb045b46299b";
 charset=UTF-8
Content-Transfer-Encoding: 7bit


----==_mimepart_5c63f4a4d7695_1c6e2ab9eeb045b46299b
Content-Type: text/plain;
 charset=UTF-8
Content-Transfer-Encoding: base64

U2FsdXQgUmFzaXQgZXQgYmllbnZlbnVlIGNoZXogbm91cyAhDQo9PT09PT09
PT09PT09PT09PT09PT09PT09PT09PT09PT09PT09PT09PT09PT09PT09PT09
PT09PT09DQoNClR1IHQnZXMgaW5zY3JpdCBzdXIgbW9uc2l0ZS5mciBlbiB1
dGlsaXNhbnQgbCdlLW1haWwgc3VpdmFudCA6IHJhc2l0QHlvcG1haWwuY29t
Lg0KDQpQb3VyIGFjY8OpZGVyIMOgIHRvbiBlc3BhY2UgY2xpZW50LCBjb25u
ZWN0ZS10b2kgdmlhIDogaHR0cDovL21vbnNpdGUuZnIvbG9naW4uDQoNCsOA
IHRyw6hzIHZpdGUgc3VyIG1vbnNpdGUuZnIgIQ0KDQo=

----==_mimepart_5c63f4a4d7695_1c6e2ab9eeb045b46299b
Content-Type: text/html;
 charset=UTF-8
Content-Transfer-Encoding: quoted-printable

<!DOCTYPE html>=0D
<html>=0D
  <head>=0D
    <meta http-equiv=3D"Content-Type" content=3D"text/html; charset=3Dutf=
-8" />=0D
    <style>=0D
      /* Email styles need to be inline */=0D
    </style>=0D
  </head>=0D
=0D
  <body>=0D
    <!DOCTYPE html>=0D
<html>=0D
  <head>=0D
    <meta content=3D'text/html; charset=3DUTF-8' http-equiv=3D'Content-Ty=
pe' />=0D
  </head>=0D
  <body>=0D
    <h1>Salut Rasit et bienvenue chez nous !</h1>=0D
    <p>=0D
      Tu t'es inscrit sur monsite.fr en utilisant l'e-mail suivant : rasi=
t@yopmail.com.=0D
    </p>=0D
    <p>=0D
      Pour acc=C3=A9der =C3=A0 ton espace client, connecte-toi via : http=
://monsite.fr/login.=0D
    </p>=0D
    <p> =C3=80 tr=C3=A8s vite sur monsite.fr !=0D
  </body>=0D
</html>=0D
=0D
  </body>=0D
</html>=0D

----==_mimepart_5c63f4a4d7695_1c6e2ab9eeb045b46299b--

  [1m[35m (103.2ms)[0m  [1m[36mcommit transaction[0m
  [1m[36mUser Load (0.7ms)[0m  [1m[34mSELECT "users".* FROM "users"[0m
